[DEBUG] ho->font: Loaded font library
[DEBUG] ho->font: Loaded font
[DEBUG] ho->font: Unloaded font library
[DEBUG] ho->texture: Loaded texture
[DEBUG] ho->texture: Loaded texture
[DEBUG] ho->uisprite: bad size drawing normal
[DEBUG] ho->uisprite: bad size drawing normal
[DEBUG] ho->uisprite: bad size drawing normal
[DEBUG] ho->uisprite: bad size drawing normal
[DEBUG] ho->uisprite: bad size drawing normal
[DEBUG] ho->uisprite: bad size drawing normal
[DEBUG] ho->uisprite: bad size drawing normal
[DEBUG] ho->uisprite: bad size drawing normal
[DEBUG] ho->uisprite: bad size drawing normal
[DEBUG] ho->uisprite: bad size drawing normal
[DEBUG] ho->uisprite: bad size drawing normal
[DEBUG] ho->uisprite: bad size drawing normal
[DEBUG] ho->uisprite: bad size drawing normal
[DEBUG] ho->uisprite: bad size drawing normal
[DEBUG] ho->uisprite: bad size drawing normal
[DEBUG] ho->uisprite: bad size drawing normal
[DEBUG] ho->uisprite: bad size drawing normal
[DEBUG] ho->uisprite: bad size drawing normal
[DEBUG] ho->uisprite: bad size drawing normal
[DEBUG] ho->uisprite: bad size drawing normal
[DEBUG] ho->uisprite: bad size drawing normal
[DEBUG] ho->uisprite: bad size drawing normal
[DEBUG] ho->uisprite: bad size drawing normal
[DEBUG] ho->uisprite: bad size drawing normal
[DEBUG] ho->uisprite: bad size drawing normal
[DEBUG] ho->uisprite: bad size drawing normal
[DEBUG] ho->uisprite: bad size drawing normal
[DEBUG] ho->uisprite: bad size drawing normal
[DEBUG] ho->uisprite: bad size drawing normal
[DEBUG] ho->uisprite: bad size drawing normal
[DEBUG] ho->uisprite: bad size drawing normal
[DEBUG] ho->uisprite: bad size drawing normal
[DEBUG] ho->uisprite: bad size drawing normal
[DEBUG] ho->uisprite: bad size drawing normal
[DEBUG] ho->uisprite: bad size drawing normal
[DEBUG] ho->uisprite: bad size drawing normal
[DEBUG] ho->uisprite: bad size drawing normal
[DEBUG] ho->uisprite: bad size drawing normal
[DEBUG] ho->uisprite: bad size drawing normal
[DEBUG] ho->uisprite: bad size drawing normal
[DEBUG] ho->uisprite: bad size drawing normal
[DEBUG] ho->uisprite: bad size drawing normal
[DEBUG] ho->uisprite: bad size drawing normal
[DEBUG] ho->uisprite: bad size drawing normal
[DEBUG] ho->uisprite: bad size drawing normal
[DEBUG] ho->uisprite: bad size drawing normal
[DEBUG] ho->uisprite: bad size drawing normal
[DEBUG] ho->uisprite: bad size drawing normal
[DEBUG] ho->uisprite: bad size drawing normal
[DEBUG] ho->uisprite: bad size drawing normal
[DEBUG] ho->uisprite: bad size drawing normal
[DEBUG] ho->uisprite: bad size drawing normal
[DEBUG] ho->uisprite: bad size drawing normal
[DEBUG] ho->uisprite: bad size drawing normal
[DEBUG] ho->uisprite: bad size drawing normal
[DEBUG] ho->uisprite: bad size drawing normal
[DEBUG] ho->uisprite: bad size drawing normal
[DEBUG] ho->uisprite: bad size drawing normal
[DEBUG] ho->uisprite: bad size drawing normal
[DEBUG] ho->uisprite: bad size drawing normal
[DEBUG] ho->uisprite: bad size drawing normal
[DEBUG] ho->uisprite: bad size drawing normal
[DEBUG] ho->uisprite: bad size drawing normal
[DEBUG] ho->uisprite: bad size drawing normal
[DEBUG] ho->uisprite: bad size drawing normal
[DEBUG] ho->uisprite: bad size drawing normal
[DEBUG] ho->uisprite: bad size drawing normal
[DEBUG] ho->uisprite: bad size drawing normal
[DEBUG] ho->uisprite: bad size drawing normal
[DEBUG] ho->uisprite: bad size drawing normal
[DEBUG] ho->uisprite: bad size drawing normal
[DEBUG] ho->uisprite: bad size drawing normal
[DEBUG] ho->uisprite: bad size drawing normal
[DEBUG] ho->uisprite: bad size drawing normal
[DEBUG] ho->uisprite: bad size drawing normal
[DEBUG] ho->uisprite: bad size drawing normal
[DEBUG] ho->uisprite: bad size drawing normal
[DEBUG] ho->uisprite: bad size drawing normal
[DEBUG] ho->uisprite: bad size drawing normal
[DEBUG] ho->uisprite: bad size drawing normal
[DEBUG] ho->uisprite: bad size drawing normal
[DEBUG] ho->uisprite: bad size drawing normal
[DEBUG] ho->uisprite: bad size drawing normal
[DEBUG] ho->uisprite: bad size drawing normal
[DEBUG] ho->uisprite: bad size drawing normal
[DEBUG] ho->uisprite: bad size drawing normal
[DEBUG] ho->uisprite: bad size drawing normal
[DEBUG] ho->uisprite: bad size drawing normal
[DEBUG] ho->uisprite: bad size drawing normal
[DEBUG] ho->uisprite: bad size drawing normal
[DEBUG] ho->uisprite: bad size drawing normal
[DEBUG] ho->uisprite: bad size drawing normal
[DEBUG] ho->uisprite: bad size drawing normal
[DEBUG] ho->uisprite: bad size drawing normal
[DEBUG] ho->uisprite: bad size drawing normal
[DEBUG] ho->uisprite: bad size drawing normal
[DEBUG] ho->uisprite: bad size drawing normal
[DEBUG] ho->uisprite: bad size drawing normal
[DEBUG] ho->uisprite: bad size drawing normal
[DEBUG] ho->uisprite: bad size drawing normal
[DEBUG] ho->uisprite: bad size drawing normal
[DEBUG] ho->uisprite: bad size drawing normal
[DEBUG] ho->uisprite: bad size drawing normal
[DEBUG] ho->uisprite: bad size drawing normal
[DEBUG] ho->uisprite: bad size drawing normal
[DEBUG] ho->uisprite: bad size drawing normal
[DEBUG] ho->uisprite: bad size drawing normal
[DEBUG] ho->uisprite: bad size drawing normal
[DEBUG] ho->uisprite: bad size drawing normal
[DEBUG] ho->uisprite: bad size drawing normal
[DEBUG] ho->uisprite: bad size drawing normal
[DEBUG] ho->uisprite: bad size drawing normal
[DEBUG] ho->uisprite: bad size drawing normal
[DEBUG] ho->uisprite: bad size drawing normal
[DEBUG] ho->uisprite: bad size drawing normal
[DEBUG] ho->uisprite: bad size drawing normal
[DEBUG] ho->uisprite: bad size drawing normal
[DEBUG] ho->uisprite: bad size drawing normal
[DEBUG] ho->uisprite: bad size drawing normal
[DEBUG] ho->uisprite: bad size drawing normal
[DEBUG] ho->uisprite: bad size drawing normal
[DEBUG] ho->uisprite: bad size drawing normal
[DEBUG] ho->uisprite: bad size drawing normal
[DEBUG] ho->uisprite: bad size drawing normal
[DEBUG] ho->uisprite: bad size drawing normal
[DEBUG] ho->uisprite: bad size drawing normal
[DEBUG] ho->uisprite: bad size drawing normal
[DEBUG] ho->uisprite: bad size drawing normal
[DEBUG] ho->uisprite: bad size drawing normal
[DEBUG] ho->uisprite: bad size drawing normal
[DEBUG] ho->uisprite: bad size drawing normal
[DEBUG] ho->uisprite: bad size drawing normal
[DEBUG] ho->uisprite: bad size drawing normal
[DEBUG] ho->uisprite: bad size drawing normal
[DEBUG] ho->uisprite: bad size drawing normal
[DEBUG] ho->uisprite: bad size drawing normal
[DEBUG] ho->uisprite: bad size drawing normal
[DEBUG] ho->uisprite: bad size drawing normal
[DEBUG] ho->uisprite: bad size drawing normal
[DEBUG] ho->uisprite: bad size drawing normal
[DEBUG] ho->uisprite: bad size drawing normal
[DEBUG] ho->uisprite: bad size drawing normal
[DEBUG] ho->uisprite: bad size drawing normal
[DEBUG] ho->uisprite: bad size drawing normal
[DEBUG] ho->uisprite: bad size drawing normal
[DEBUG] ho->uisprite: bad size drawing normal
[DEBUG] ho->uisprite: bad size drawing normal
[DEBUG] ho->uisprite: bad size drawing normal
[DEBUG] ho->uisprite: bad size drawing normal
[DEBUG] ho->uisprite: bad size drawing normal
[DEBUG] ho->uisprite: bad size drawing normal
[DEBUG] ho->uisprite: bad size drawing normal
[DEBUG] ho->uisprite: bad size drawing normal
[DEBUG] ho->uisprite: bad size drawing normal
[DEBUG] ho->uisprite: bad size drawing normal
[DEBUG] ho->uisprite: bad size drawing normal
[DEBUG] ho->uisprite: bad size drawing normal
[DEBUG] ho->uisprite: bad size drawing normal
[DEBUG] ho->uisprite: bad size drawing normal
[DEBUG] ho->uisprite: bad size drawing normal
[DEBUG] ho->uisprite: bad size drawing normal
[DEBUG] ho->uisprite: bad size drawing normal
[DEBUG] ho->uisprite: bad size drawing normal
[DEBUG] ho->uisprite: bad size drawing normal
[DEBUG] ho->uisprite: bad size drawing normal
[DEBUG] ho->uisprite: bad size drawing normal
[DEBUG] ho->uisprite: bad size drawing normal
[DEBUG] ho->uisprite: bad size drawing normal
[DEBUG] ho->uisprite: bad size drawing normal
[DEBUG] ho->uisprite: bad size drawing normal
[DEBUG] ho->uisprite: bad size drawing normal
[DEBUG] ho->uisprite: bad size drawing normal
[DEBUG] ho->uisprite: bad size drawing normal
[DEBUG] ho->uisprite: bad size drawing normal
[DEBUG] ho->uisprite: bad size drawing normal
[DEBUG] ho->uisprite: bad size drawing normal
[DEBUG] ho->uisprite: bad size drawing normal
[DEBUG] ho->uisprite: bad size drawing normal
[DEBUG] ho->uisprite: bad size drawing normal
[DEBUG] ho->uisprite: bad size drawing normal
[DEBUG] ho->uisprite: bad size drawing normal
[DEBUG] ho->uisprite: bad size drawing normal
[DEBUG] ho->uisprite: bad size drawing normal
[DEBUG] ho->uisprite: bad size drawing normal
[DEBUG] ho->uisprite: bad size drawing normal
[DEBUG] ho->uisprite: bad size drawing normal
[DEBUG] ho->uisprite: bad size drawing normal
[DEBUG] ho->uisprite: bad size drawing normal
[DEBUG] ho->uisprite: bad size drawing normal
[DEBUG] ho->uisprite: bad size drawing normal
[DEBUG] ho->uisprite: bad size drawing normal
[DEBUG] ho->uisprite: bad size drawing normal
[DEBUG] ho->uisprite: bad size drawing normal
[DEBUG] ho->uisprite: bad size drawing normal
[DEBUG] ho->uisprite: bad size drawing normal
[DEBUG] ho->uisprite: bad size drawing normal
[DEBUG] ho->uisprite: bad size drawing normal
[DEBUG] ho->uisprite: bad size drawing normal
[DEBUG] ho->uisprite: bad size drawing normal
[DEBUG] ho->uisprite: bad size drawing normal
[DEBUG] ho->uisprite: bad size drawing normal
[DEBUG] ho->uisprite: bad size drawing normal
[DEBUG] ho->uisprite: bad size drawing normal
[DEBUG] ho->uisprite: bad size drawing normal
[DEBUG] ho->uisprite: bad size drawing normal
[DEBUG] ho->uisprite: bad size drawing normal
[DEBUG] ho->uisprite: bad size drawing normal
[DEBUG] ho->uisprite: bad size drawing normal
[DEBUG] ho->uisprite: bad size drawing normal
[DEBUG] ho->uisprite: bad size drawing normal
[DEBUG] ho->uisprite: bad size drawing normal
[DEBUG] ho->uisprite: bad size drawing normal
[DEBUG] ho->uisprite: bad size drawing normal
[DEBUG] ho->uisprite: bad size drawing normal
[DEBUG] ho->uisprite: bad size drawing normal
[DEBUG] ho->uisprite: bad size drawing normal
[DEBUG] ho->uisprite: bad size drawing normal
[DEBUG] ho->uisprite: bad size drawing normal
[DEBUG] ho->uisprite: bad size drawing normal
[DEBUG] ho->uisprite: bad size drawing normal
[DEBUG] ho->uisprite: bad size drawing normal
[DEBUG] ho->uisprite: bad size drawing normal
[DEBUG] ho->uisprite: bad size drawing normal
[DEBUG] ho->uisprite: bad size drawing normal
[DEBUG] ho->uisprite: bad size drawing normal
[DEBUG] ho->uisprite: bad size drawing normal
[DEBUG] ho->uisprite: bad size drawing normal
[DEBUG] ho->uisprite: bad size drawing normal
[DEBUG] ho->uisprite: bad size drawing normal
[DEBUG] ho->uisprite: bad size drawing normal
[DEBUG] ho->texture: Loaded texture
